2017-04-24 22:17:38,477 INFO Email: xmiller@hotmail.com, Phone: 7600804689 Proxy: 104.236.176.232:3128
2017-04-24 22:19:21,552 INFO Email: patrick84@gmail.com, Phone: 7600474689 Proxy: 138.68.15.45:3128
2017-04-24 22:19:57,557 INFO Email: courtney79@yahoo.com, Phone: 7602815856 Proxy: 104.236.176.232:3128
2017-04-24 22:20:34,500 INFO Email: parkrebecca@hotmail.com, Phone: 7600806196 Proxy: 138.197.194.7:3128
2017-04-24 22:21:13,556 INFO Email: daniel88@gmail.com, Phone: 7609964499 Proxy: 104.131.147.164:3128
2017-04-24 22:21:49,649 INFO Email: aowens@hotmail.com, Phone: 7601429252 Proxy: 104.236.174.88:3128
2017-04-24 22:22:23,478 INFO Email: debbielyons@gmail.com, Phone: 7601882662 Proxy: 104.131.147.164:3128
2017-04-24 22:22:59,151 INFO Email: david58@yahoo.com, Phone: 7607543695 Proxy: 138.197.194.7:3128
2017-04-24 22:23:35,645 INFO Email: scottantonio@hotmail.com, Phone: 7606355232 Proxy: 104.236.176.232:3128
2017-04-24 22:48:48,377 INFO Email: francisco37@gmail.com, Phone: 7600421295 Proxy: 104.236.174.220:3128
2017-04-24 23:36:43,352 INFO Email: qthompson@yahoo.com, Phone: 7609556834 Proxy: 104.131.147.164:3128
2017-04-24 23:37:21,808 INFO Email: brooksangela@yahoo.com, Phone: 7604971916 Proxy: 104.131.147.164:3128
2017-04-24 23:37:56,673 INFO Email: fjones@gmail.com, Phone: 7607883163 Proxy: 104.236.174.220:3128
2017-04-24 23:38:30,974 INFO Email: kevinkelly@yahoo.com, Phone: 7601536873 Proxy: 104.131.147.164:3128
2017-04-24 23:39:06,221 INFO Email: jasonpope@hotmail.com, Phone: 7606983313 Proxy: 104.236.174.220:3128
2017-04-24 23:39:38,500 INFO Email: rodriguezjake@yahoo.com, Phone: 7604285820 Proxy: 104.131.147.164:3128
2017-04-24 23:40:12,811 INFO Email: michaelyoung@gmail.com, Phone: 7606819732 Proxy: 104.131.147.164:3128
2017-04-24 23:40:44,029 INFO Email: ronniethomas@gmail.com, Phone: 7600849738 Proxy: 104.131.147.164:3128
2017-04-24 23:41:20,147 INFO Email: klowery@gmail.com, Phone: 7602336075 Proxy: 104.131.147.164:3128
2017-04-24 23:41:57,825 INFO Email: umonroe@gmail.com, Phone: 7600255867 Proxy: 104.236.174.220:3128
2017-04-24 23:42:34,122 INFO Email: snowjames@hotmail.com, Phone: 7609955453 Proxy: 104.236.174.220:3128
2017-04-24 23:43:12,990 INFO Email: umontgomery@yahoo.com, Phone: 7607802784 Proxy: 104.131.147.164:3128
2017-04-24 23:43:47,474 INFO Email: glenwalters@hotmail.com, Phone: 7607574869 Proxy: 104.236.174.220:3128
2017-04-24 23:44:20,764 INFO Email: patricia70@hotmail.com, Phone: 7607725881 Proxy: 104.131.147.164:3128
2017-04-24 23:44:59,773 INFO Email: steven03@yahoo.com, Phone: 7600204546 Proxy: 104.131.147.164:3128
2017-04-24 23:45:38,519 INFO Email: abigailwilliamson@gmail.com, Phone: 7608765751 Proxy: 104.236.174.220:3128
2017-04-24 23:46:11,126 INFO Email: ecallahan@gmail.com, Phone: 7603469701 Proxy: 104.236.174.220:3128
2017-04-24 23:46:46,499 INFO Email: kararoberts@yahoo.com, Phone: 7609529772 Proxy: 104.236.174.220:3128
2017-04-24 23:47:25,720 INFO Email: herreraashlee@yahoo.com, Phone: 7602419989 Proxy: 104.131.147.164:3128
2017-04-24 23:48:01,245 INFO Email: rodriguezchristopher@yahoo.com, Phone: 7604754784 Proxy: 104.236.174.220:3128
2017-04-24 23:48:38,536 INFO Email: pford@hotmail.com, Phone: 7609181654 Proxy: 104.236.174.220:3128
2017-04-24 23:49:12,882 INFO Email: dhickman@hotmail.com, Phone: 7600401016 Proxy: 104.131.147.164:3128
2017-04-24 23:49:51,619 INFO Email: sabrina42@gmail.com, Phone: 7608720486 Proxy: 104.236.174.220:3128
2017-04-24 23:50:28,211 INFO Email: margaretjones@hotmail.com, Phone: 7608836110 Proxy: 104.131.147.164:3128
2017-04-24 23:51:05,234 INFO Email: david85@yahoo.com, Phone: 7604505774 Proxy: 104.236.174.220:3128
2017-04-24 23:51:38,999 INFO Email: bcarter@yahoo.com, Phone: 7609283920 Proxy: 104.236.174.220:3128
2017-04-24 23:52:14,137 INFO Email: hilljoanna@yahoo.com, Phone: 7604468444 Proxy: 104.236.174.220:3128
2017-04-24 23:52:45,346 INFO Email: edwardstimothy@hotmail.com, Phone: 7607585085 Proxy: 104.236.174.220:3128
2017-04-24 23:53:24,263 INFO Email: stephenrussell@hotmail.com, Phone: 7601916971 Proxy: 104.131.147.164:3128
2017-04-24 23:54:02,427 INFO Email: yward@gmail.com, Phone: 7605072067 Proxy: 104.236.174.220:3128
2017-04-24 23:54:38,828 INFO Email: scott97@yahoo.com, Phone: 7600934755 Proxy: 104.131.147.164:3128
2017-04-24 23:55:14,542 INFO Email: anamccullough@yahoo.com, Phone: 7607859602 Proxy: 104.236.174.220:3128
2017-04-24 23:55:47,522 INFO Email: clarklarry@yahoo.com, Phone: 7607146432 Proxy: 104.236.174.220:3128
2017-04-24 23:56:22,516 INFO Email: davisjoshua@hotmail.com, Phone: 7607557018 Proxy: 104.236.174.220:3128
2017-04-24 23:56:45,322 INFO Email: shelia35@gmail.com, Phone: 7607843973 Proxy: 104.131.147.164:3128
2017-04-25 11:27:45,906 INFO Email: gellis@gmail.com, Phone: 7602504552 Proxy: 104.131.147.164:3128
2017-04-25 11:28:37,577 INFO Email: simmonskimberly@yahoo.com, Phone: 7605861903 Proxy: 104.131.147.164:3128
2017-04-25 11:43:30,221 INFO Email: likristen@yahoo.com, Phone: 7607756741 Proxy: 104.236.174.220:3128
2017-04-25 11:44:26,107 INFO Email: kirsten09@gmail.com, Phone: 7603933434 Proxy: 104.131.147.164:3128
2017-04-25 11:48:30,488 INFO Email: williamsthomas@gmail.com, Phone: 7604775942
2017-04-25 11:49:17,417 INFO Email: anne37@yahoo.com, Phone: 7600736203
2017-04-25 11:50:09,820 INFO Email: sonya93@gmail.com, Phone: 7605312912
2017-04-25 11:51:03,040 INFO Email: daviscarol@hotmail.com, Phone: 7602147883
2017-04-25 11:51:56,684 INFO Email: paul47@gmail.com, Phone: 7606535416
2017-04-25 11:57:07,647 INFO Email: christophermarquez@yahoo.com, Phone: 7603666990 Time Spent: 38.1802811623
2017-04-25 11:57:49,888 INFO Email: jamessullivan@gmail.com, Phone: 7603652318 Time Spent: 41.0137028694
2017-04-25 11:58:37,855 INFO Email: willisjimmy@yahoo.com, Phone: 7608582937 Time Spent: 46.7166979313
2017-04-25 11:59:19,767 INFO Email: julie25@yahoo.com, Phone: 7608365749 Time Spent: 39.6907949448
2017-04-25 12:00:03,514 INFO Email: grayjohn@yahoo.com, Phone: 7603825685 Time Spent: 40.5203609467
2017-04-25 12:00:41,876 INFO Email: douglas69@yahoo.com, Phone: 7602158151 Time Spent: 37.1305549145
2017-04-25 12:01:33,843 INFO Email: benjaminparks@gmail.com, Phone: 7603135938 Time Spent: 50.7481970787
2017-04-25 12:02:18,905 INFO Email: qgriffin@yahoo.com, Phone: 7601798696 Time Spent: 43.8387901783
2017-04-25 12:02:58,812 INFO Email: katie82@yahoo.com, Phone: 7603635689 Time Spent: 37.6900029182
2017-04-25 12:03:42,793 INFO Email: kendraperry@yahoo.com, Phone: 7602904686 Time Spent: 40.7553768158
2017-04-25 12:04:25,894 INFO Email: patricia28@hotmail.com, Phone: 7609747554 Time Spent: 39.8600218296
2017-04-25 12:20:36,465 INFO Email: deborahcalderon@hotmail.com, Phone: 7604573775 Time Spent: 44.5042059422
2017-04-25 16:00:16,609 INFO Email: margaretnewman@hotmail.com, Phone: 7608893425 Time Spent: 38.7601490021
2017-04-25 16:02:15,136 INFO Email: nmills@yahoo.com, Phone: 7603925655 Time Spent: 71.8046278954
2017-04-25 16:02:53,119 INFO Email: gross@yahoo.com, Phone: 7608742848 Time Spent: 34.8029618263
2017-04-25 16:03:29,770 INFO Email: shawn94@hotmail.com, Phone: 7609894504 Time Spent: 35.4658050537
2017-04-25 16:04:08,417 INFO Email: stephanieharris@hotmail.com, Phone: 7600484652 Time Spent: 35.453676939
2017-04-25 16:04:44,922 INFO Email: laura76@hotmail.com, Phone: 7608965503 Time Spent: 33.3285830021
2017-04-25 16:05:39,007 INFO Email: ablevins@hotmail.com, Phone: 7600704196 Time Spent: 50.8981149197
2017-04-25 16:06:22,768 INFO Email: perezsandra@yahoo.com, Phone: 7601109903 Time Spent: 40.5797438622
2017-04-25 16:07:03,572 INFO Email: mryan@yahoo.com, Phone: 7600094063 Time Spent: 38.6264259815
2017-04-25 16:07:41,992 INFO Email: matthewgriffin@hotmail.com, Phone: 7605574341 Time Spent: 36.2383048534
2017-04-25 16:08:22,404 INFO Email: uschmidt@yahoo.com, Phone: 7601139530 Time Spent: 38.2254128456
2017-04-25 16:09:03,931 INFO Email: lmartin@hotmail.com, Phone: 7603972807 Time Spent: 39.3519141674
2017-04-25 16:09:43,116 INFO Email: ruizdeanna@yahoo.com, Phone: 7606344657 Time Spent: 36.0002610683
2017-04-25 16:10:25,588 INFO Email: kathleengibson@yahoo.com, Phone: 7609187407 Time Spent: 41.3001179695
2017-04-25 16:11:03,814 INFO Email: qfarmer@hotmail.com, Phone: 7605039760 Time Spent: 37.035793066
2017-04-25 16:11:46,568 INFO Email: galvarez@yahoo.com, Phone: 7606442062 Time Spent: 39.5635080338
2017-04-25 16:12:26,416 INFO Email: maddoxmark@hotmail.com, Phone: 7601635882 Time Spent: 37.6746330261
2017-04-25 16:13:09,265 INFO Email: heather07@hotmail.com, Phone: 7601411881 Time Spent: 40.6624360085
2017-04-25 16:13:48,819 INFO Email: mmyers@gmail.com, Phone: 7602922108 Time Spent: 36.357407093
2017-04-25 16:14:30,812 INFO Email: ukaufman@gmail.com, Phone: 7606847165 Time Spent: 38.8134100437
2017-04-25 16:15:11,694 INFO Email: haileyperez@gmail.com, Phone: 7605593668 Time Spent: 37.6961801052
2017-04-25 16:15:51,834 INFO Email: katieacosta@gmail.com, Phone: 7604878103 Time Spent: 37.9701759815
2017-04-25 16:16:30,364 INFO Email: sandersbarbara@hotmail.com, Phone: 7606853084 Time Spent: 37.3591208458
2017-04-25 16:17:18,947 INFO Email: greenhaley@hotmail.com, Phone: 7600428472 Time Spent: 45.4060611725
2017-04-25 16:18:02,076 INFO Email: colekyle@yahoo.com, Phone: 7607323124 Time Spent: 40.9443209171
2017-04-25 16:18:38,496 INFO Email: carl88@yahoo.com, Phone: 7606972040 Time Spent: 35.2330698967
2017-04-25 16:19:16,999 INFO Email: catherinebradley@hotmail.com, Phone: 7609715489 Time Spent: 36.321778059
2017-04-25 16:19:54,173 INFO Email: dclark@gmail.com, Phone: 7608970683 Time Spent: 34.984005928
2017-04-25 16:20:37,426 INFO Email: xallen@hotmail.com, Phone: 7607447846 Time Spent: 41.0709190369
2017-04-25 16:21:17,889 INFO Email: pwilliams@yahoo.com, Phone: 7606695047 Time Spent: 37.279086113
2017-04-25 16:21:57,616 INFO Email: shawn00@gmail.com, Phone: 7604794281 Time Spent: 37.538120985
2017-04-25 16:22:33,527 INFO Email: martinrodney@hotmail.com, Phone: 7600503755 Time Spent: 33.7193529606
2017-04-25 16:23:13,538 INFO Email: annette68@hotmail.com, Phone: 7608724046 Time Spent: 36.8195860386
2017-04-25 16:23:49,795 INFO Email: christopherhernandez@hotmail.com, Phone: 7609336791 Time Spent: 35.0703868866
2017-04-25 16:24:29,259 INFO Email: cdean@hotmail.com, Phone: 7603885140 Time Spent: 38.2848188877
2017-04-25 16:25:08,496 INFO Email: joshuawilliams@yahoo.com, Phone: 7602033985 Time Spent: 38.0614731312
2017-04-25 16:25:52,374 INFO Email: natalieramirez@gmail.com, Phone: 7600049392 Time Spent: 41.6818611622
2017-04-25 16:26:29,624 INFO Email: markreeves@hotmail.com, Phone: 7605889525 Time Spent: 36.0779831409
2017-04-25 16:27:09,908 INFO Email: rjohnson@hotmail.com, Phone: 7604784531 Time Spent: 39.1173858643
2017-04-25 16:27:46,945 INFO Email: valerie67@gmail.com, Phone: 7606101001 Time Spent: 35.8436558247
2017-04-25 16:28:29,374 INFO Email: oyoung@hotmail.com, Phone: 7600420735 Time Spent: 39.2453689575
2017-04-25 16:29:07,643 INFO Email: dylanwebster@gmail.com, Phone: 7608788594 Time Spent: 36.0828330517
2017-04-25 16:29:44,283 INFO Email: usmith@hotmail.com, Phone: 7607569796 Time Spent: 35.4571709633
2017-04-25 16:30:24,969 INFO Email: lisadiaz@hotmail.com, Phone: 7607330074 Time Spent: 37.4982950687
2017-04-25 16:31:05,259 INFO Email: pamelavargas@gmail.com, Phone: 7603871128 Time Spent: 38.1031899452
2017-04-25 16:31:44,147 INFO Email: sheachristopher@hotmail.com, Phone: 7607830743 Time Spent: 36.6940300465
2017-04-25 16:32:18,978 INFO Email: melanie41@gmail.com, Phone: 7604827328 Time Spent: 33.6530990601
2017-04-25 16:33:02,190 INFO Email: mary82@gmail.com, Phone: 7605669436 Time Spent: 40.0313382149
2017-04-25 16:33:43,737 INFO Email: maddoxchad@gmail.com, Phone: 7601598601 Time Spent: 40.3496050835
2017-04-25 16:34:27,430 INFO Email: brandon70@gmail.com, Phone: 7600065149 Time Spent: 41.5101289749
2017-04-25 16:35:06,624 INFO Email: richardkelly@hotmail.com, Phone: 7601455110 Time Spent: 36.9924640656
2017-04-25 16:35:47,849 INFO Email: shaun72@gmail.com, Phone: 7602614310 Time Spent: 39.0437598228
2017-04-25 16:36:27,041 INFO Email: stephanie65@yahoo.com, Phone: 7608302927 Time Spent: 38.0096681118
2017-04-25 16:37:13,948 INFO Email: ocortez@yahoo.com, Phone: 7602025866 Time Spent: 45.7188370228
2017-04-25 16:37:53,582 INFO Email: charlesnguyen@yahoo.com, Phone: 7604546690 Time Spent: 37.4623539448
2017-04-25 16:38:33,520 INFO Email: hgordon@hotmail.com, Phone: 7607007699 Time Spent: 37.7635679245
2017-04-25 16:39:12,278 INFO Email: lhiggins@hotmail.com, Phone: 7608477654 Time Spent: 37.5689148903
2017-04-25 16:39:51,295 INFO Email: randallthompson@gmail.com, Phone: 7607184605 Time Spent: 36.8383729458
2017-04-25 16:40:29,206 INFO Email: cherylkeller@gmail.com, Phone: 7602376591 Time Spent: 34.7271459103
2017-04-25 16:41:07,594 INFO Email: travishaynes@gmail.com, Phone: 7604927189 Time Spent: 36.2131969929
2017-04-25 16:41:42,660 INFO Email: tanya99@hotmail.com, Phone: 7607022432 Time Spent: 30.2741219997
2017-04-25 16:42:15,018 INFO Email: meganmorales@gmail.com, Phone: 7609057970 Time Spent: 24.5520780087
2017-04-25 16:42:50,223 INFO Email: awest@gmail.com, Phone: 7609967994 Time Spent: 27.5185649395
2017-04-25 16:43:29,903 INFO Email: lmyers@yahoo.com, Phone: 7607025396 Time Spent: 33.2623019218
2017-04-25 16:44:15,351 INFO Email: amandapratt@gmail.com, Phone: 7602933891 Time Spent: 37.8092720509
2017-04-25 16:44:52,747 INFO Email: ericmclaughlin@gmail.com, Phone: 7605333356 Time Spent: 29.6714589596
2017-04-25 16:45:34,270 INFO Email: harrisonjennifer@yahoo.com, Phone: 7608422772 Time Spent: 34.1310961246
2017-04-25 16:46:19,856 INFO Email: allen62@hotmail.com, Phone: 7600671267 Time Spent: 40.2223460674
2017-04-25 16:47:00,536 INFO Email: pattersonchristopher@yahoo.com, Phone: 7601299676 Time Spent: 33.2198421955
2017-04-25 16:47:47,892 INFO Email: carrshannon@gmail.com, Phone: 7602001477 Time Spent: 39.9333600998
2017-04-25 16:48:30,967 INFO Email: jharris@gmail.com, Phone: 7605249159 Time Spent: 34.3092699051
2017-04-25 16:49:09,604 INFO Email: daniel22@gmail.com, Phone: 7604258687 Time Spent: 32.3686821461
2017-04-25 16:49:45,930 INFO Email: carolynyoung@gmail.com, Phone: 7605806878 Time Spent: 30.8192510605
2017-04-25 16:50:27,645 INFO Email: misty22@gmail.com, Phone: 7601097589 Time Spent: 34.484400034
2017-04-25 16:51:07,004 INFO Email: ashley97@gmail.com, Phone: 7604977842 Time Spent: 34.0019021034
2017-04-25 16:51:50,193 INFO Email: granttimothy@yahoo.com, Phone: 7606318695 Time Spent: 35.2156050205
2017-04-25 16:52:33,241 INFO Email: julie41@hotmail.com, Phone: 7600939077 Time Spent: 37.6570599079
2017-04-25 16:53:16,229 INFO Email: smithmichael@gmail.com, Phone: 7608685202 Time Spent: 35.5701079369
2017-04-25 16:53:52,281 INFO Email: roger81@hotmail.com, Phone: 7602720538 Time Spent: 28.6289701462
2017-04-25 16:54:29,060 INFO Email: dalejohnson@gmail.com, Phone: 7603206901 Time Spent: 30.847522974
2017-04-25 16:55:09,542 INFO Email: carl36@yahoo.com, Phone: 7605932018 Time Spent: 33.085889101
2017-04-25 16:55:45,905 INFO Email: sarahwilson@yahoo.com, Phone: 7601140209 Time Spent: 29.8064599037
2017-04-25 16:56:23,312 INFO Email: tiffany35@gmail.com, Phone: 7603726698 Time Spent: 30.5391638279
2017-04-25 16:56:56,928 INFO Email: contrerasraymond@yahoo.com, Phone: 7609004662 Time Spent: 27.8255591393
2017-04-25 16:57:38,153 INFO Email: smithcraig@hotmail.com, Phone: 7605537169 Time Spent: 35.6293540001
2017-04-25 16:58:16,397 INFO Email: whughes@yahoo.com, Phone: 7603343091 Time Spent: 32.9683580399
2017-04-25 16:59:00,403 INFO Email: newtonadrienne@gmail.com, Phone: 7605770778 Time Spent: 36.3067121506
2017-04-25 17:00:05,884 INFO Email: pamelasims@gmail.com, Phone: 7609193855 Time Spent: 31.4463799
2017-04-25 17:00:43,294 INFO Email: hudsonchristopher@gmail.com, Phone: 7602852745 Time Spent: 30.8632810116
2017-04-25 17:01:26,897 INFO Email: westrandall@gmail.com, Phone: 7605656642 Time Spent: 36.1961438656
2017-04-25 17:02:10,315 INFO Email: sanchezalan@yahoo.com, Phone: 7601377858 Time Spent: 35.3878691196
2017-04-25 17:02:53,256 INFO Email: rjohns@hotmail.com, Phone: 7609479959 Time Spent: 37.6375808716
2017-04-25 17:03:31,575 INFO Email: bestapril@hotmail.com, Phone: 7600342676 Time Spent: 33.0436730385
2017-04-25 17:04:09,844 INFO Email: caseyjeremy@hotmail.com, Phone: 7603035415 Time Spent: 31.3752360344
2017-04-25 17:24:33,384 INFO Email: haileyjohnson@gmail.com, Phone: 7603599242 Time Spent: 32.5220789909
2017-04-26 00:37:19,649 INFO Name:Andrés, Zacarías Email: hugo47@yahoo.com Phone: 7609108660 Time Spent: 29.0700559616
2017-04-26 00:40:57,747 INFO Name:Segovia, Rafaél Email: ernesto05@gmail.com Phone: 7602035868 Time Spent: 30.1643521786
2017-04-26 00:45:01,866 INFO Name:Tamayo, Ivonne Email: altamiranoleonor@hotmail.com Phone: 7602700821 Time Spent: 39.8096060753
2017-04-26 00:52:06,995 INFO Name:Óliver, Francisco Email: luz52@gmail.com Phone: 7609697524 Time Spent: 31.7724399567
2017-04-26 00:55:05,416 INFO Name:Rebeca, Camilo Email: gustavoavalos@yahoo.com Phone: 7609038137 Time Spent: 38.4177229404
2017-04-26 00:57:25,318 INFO Name:Dueñas, César Email: lsaucedo@gmail.com Phone: 7609679209 Time Spent: 26.6671390533
2017-04-26 00:58:01,963 INFO Name:Leonel, Abel Email: julia99@gmail.com Phone: 7603951685 Time Spent: 31.2149691582
2017-04-26 00:58:42,439 INFO Name:Manuel,  Email: abelvalenzuela@yahoo.com Phone: 7605570772 Time Spent: 33.1754798889
2017-04-26 00:59:15,978 INFO Name:Kenneth,  Email: danielslaurie@hotmail.com Phone: 7609198477 Time Spent: 26.2185180187
2017-04-26 00:59:53,963 INFO Name:Rolando, Óliver Email: alvarezevelio@yahoo.com Phone: 7600402089 Time Spent: 31.5563769341
2017-04-26 01:00:33,096 INFO Name:Carrillo, Vicente Email: urielvaladez@gmail.com Phone: 7600336207 Time Spent: 31.7080700397
2017-04-26 01:01:11,289 INFO Name:Coffey, Christine Email: amcclure@hotmail.com Phone: 7605951255 Time Spent: 30.8302819729
2017-04-26 01:01:46,418 INFO Name:del, María Email: emiliano91@hotmail.com Phone: 7606503563 Time Spent: 28.934939146
2017-04-26 01:02:32,909 INFO Name:Bustos, Pedro Email: marcostejeda@gmail.com Phone: 7607369141 Time Spent: 40.0181100368
2017-04-26 01:03:07,399 INFO Name:Partida, Amelia Email: ariadnaferrer@yahoo.com Phone: 7603248770 Time Spent: 28.9810621738
2017-04-26 01:03:46,418 INFO Name:Giles, Karen Email: markelliott@gmail.com Phone: 7601578135 Time Spent: 33.5092458725
2017-04-26 01:04:24,500 INFO Name:Aldonza, Ricardo Email: isabel33@hotmail.com Phone: 7609683454 Time Spent: 31.4076359272
2017-04-26 01:04:57,498 INFO Name:Carrero, Amalia Email: perla08@gmail.com Phone: 7603462411 Time Spent: 25.4696679115
2017-04-26 01:05:39,745 INFO Name:Antonia, Roberto Email: altamiranobeatriz@yahoo.com Phone: 7600546339 Time Spent: 35.0443320274
2017-04-26 01:06:16,781 INFO Name:Jones, Brian Email: jenningsmegan@yahoo.com Phone: 7604907431 Time Spent: 31.5699892044
2017-04-26 01:06:56,518 INFO Name:Bahena, Diego Email: maria-elena92@gmail.com Phone: 7601338307 Time Spent: 34.2393019199
2017-04-26 01:07:35,810 INFO Name:Jackson, Kelsey Email: nhernandez@yahoo.com Phone: 7602341516 Time Spent: 33.1266400814
2017-04-26 01:08:16,429 INFO Name:Evans, Alejandra Email: kathy86@yahoo.com Phone: 7608408212 Time Spent: 34.3413290977
2017-04-26 01:08:51,404 INFO Name:Correa, Jaqueline Email: pberrios@yahoo.com Phone: 7604667395 Time Spent: 28.7535810471
2017-04-26 01:09:27,670 INFO Name:Concepción,  Email: rriojas@hotmail.com Phone: 7600298797 Time Spent: 28.9669289589
2017-04-26 01:10:00,796 INFO Name:Boyer, Angela Email: joseph98@gmail.com Phone: 7602880731 Time Spent: 25.9844751358
2017-04-26 01:10:38,145 INFO Name:José, María Email: etrevino@yahoo.com Phone: 7603115565 Time Spent: 31.6748459339
2017-04-26 01:11:12,472 INFO Name:Reynoso, Patricio Email: wceja@hotmail.com Phone: 7606508066 Time Spent: 26.4544529915
2017-04-26 01:11:50,034 INFO Name:Aguilera, Emilia Email: agustinrico@hotmail.com Phone: 7608997660 Time Spent: 30.1311509609
2017-04-26 01:12:33,325 INFO Name:Savage, Roberto Email: pachecojeffrey@yahoo.com Phone: 7602232932 Time Spent: 36.7173879147
2017-04-26 01:13:11,756 INFO Name:Valencia, Esparta Email: nolvera@hotmail.com Phone: 7605821884 Time Spent: 33.3064069748
2017-04-26 01:13:50,640 INFO Name:Burnett, Heidi Email: ucastaneda@yahoo.com Phone: 7600567053 Time Spent: 33.6942751408
2017-04-26 01:14:30,842 INFO Name:Hughes, Tracie Email: joemason@yahoo.com Phone: 7601725304 Time Spent: 32.9532561302
2017-04-26 01:15:10,424 INFO Name:Villareal, Reina Email: salma15@hotmail.com Phone: 7607264648 Time Spent: 32.1650280952
2017-04-26 01:15:52,496 INFO Name:Carson, Jerome Email: jeanettecharles@hotmail.com Phone: 7603510956 Time Spent: 34.8631980419
2017-04-26 01:16:32,956 INFO Name:Baca, Fabiola Email: serranoaldo@gmail.com Phone: 7605756492 Time Spent: 33.8822519779
2017-04-26 01:17:12,949 INFO Name:Montemayor, Verónica Email: teresalinares@gmail.com Phone: 7604726010 Time Spent: 33.6152729988
2017-04-26 01:17:50,337 INFO Name:Sánchez, Sergio Email: avilalucia@gmail.com Phone: 7607427908 Time Spent: 30.1628119946
2017-04-26 01:18:32,255 INFO Name:Raquel, Nelly Email: amarrero@gmail.com Phone: 7602256418 Time Spent: 34.7584719658
2017-04-26 01:19:11,141 INFO Name:Arturo, Virginia Email: ana-mariaelizondo@hotmail.com Phone: 7608350950 Time Spent: 33.7519891262
2017-04-26 01:19:50,708 INFO Name:Vela, Luz Email: pamelacadena@gmail.com Phone: 7601580155 Time Spent: 33.0834548473
2017-04-26 01:20:31,755 INFO Name:Ocampo, Nelly Email: enrique88@gmail.com Phone: 7600447312 Time Spent: 34.6435577869
2017-04-26 01:21:05,911 INFO Name:Espinoza, Angela Email: robertking@gmail.com Phone: 7606461099 Time Spent: 26.7340891361
2017-04-26 01:21:45,553 INFO Name:Mayte,  Email: diazbeatriz@gmail.com Phone: 7606661159 Time Spent: 33.4841189384
2017-04-26 01:22:20,417 INFO Name:Josefina, Antonio Email: armandoolivarez@yahoo.com Phone: 7605681738 Time Spent: 29.6648221016
2017-04-26 01:22:58,670 INFO Name:Evelio, Soledad Email: luis-miguel95@hotmail.com Phone: 7604534764 Time Spent: 31.1709759235
2017-04-26 01:23:36,460 INFO Name:Lin, Jennifer Email: hunterlarson@hotmail.com Phone: 7608881206 Time Spent: 31.4463210106
2017-04-26 01:24:15,916 INFO Name:Emiliano,  Email: hermelindahernantovar@yahoo.com Phone: 7609411998 Time Spent: 32.0573649406
2017-04-26 01:24:53,656 INFO Name:Gregorio, Juana Email: gerardo28@yahoo.com Phone: 7602300036 Time Spent: 30.4181230068
2017-04-26 01:25:32,028 INFO Name:Paola, Esteban Email: fverdugo@gmail.com Phone: 7606325135 Time Spent: 31.8271200657
2017-04-26 01:26:12,289 INFO Name:Jorge, Bernabé Email: rasconangela@hotmail.com Phone: 7608199030 Time Spent: 35.1463398933
2017-04-26 01:26:52,042 INFO Name:Guillermina,  Email: josefinasevilla@gmail.com Phone: 7609316208 Time Spent: 33.5794169903
2017-04-26 01:27:26,503 INFO Name:Reynaldo, Pedro Email: madrigalhector@hotmail.com Phone: 7604857329 Time Spent: 27.0347650051
2017-04-26 01:28:09,709 INFO Name:Valdivia, Marcos Email: nievesgraciela@yahoo.com Phone: 7601896277 Time Spent: 35.8098709583
2017-04-26 01:28:48,798 INFO Name:Verdugo, Karla Email: felipe66@yahoo.com Phone: 7603415519 Time Spent: 31.9822809696
2017-04-26 01:29:27,558 INFO Name:Nelson, Antonio Email: robertbrown@gmail.com Phone: 7607257759 Time Spent: 31.5585150719
2017-04-26 01:30:05,816 INFO Name:Elias,  Email: zoe17@hotmail.com Phone: 7605280324 Time Spent: 32.1319010258
2017-04-26 01:30:47,283 INFO Name:Esquibel, Dulce Email: vbriones@yahoo.com Phone: 7604211295 Time Spent: 35.2781689167
2017-04-26 01:31:21,116 INFO Name:Darío, Andrea Email: jose-emilio74@hotmail.com Phone: 7608071643 Time Spent: 27.6926760674
2017-04-26 01:31:53,799 INFO Name:Vaughn, Matthew Email: cardenasmatthew@hotmail.com Phone: 7600688283 Time Spent: 27.4489660263
2017-04-26 01:32:32,845 INFO Name:Lambert, Matthew Email: eodonnell@gmail.com Phone: 7609723712 Time Spent: 31.8003799915
2017-04-26 01:33:12,349 INFO Name:Paola, Pascual Email: tmadrigal@gmail.com Phone: 7600397896 Time Spent: 34.2445049286
2017-04-26 01:33:49,529 INFO Name:Luz, Georgina Email: eliashernandes@hotmail.com Phone: 7601633981 Time Spent: 30.9368269444
2017-04-26 01:34:27,823 INFO Name:Salvador, Amalia Email: caridadde-leon@hotmail.com Phone: 7601182977 Time Spent: 32.8715388775
2017-04-26 01:35:07,278 INFO Name:Roberto, Fidel Email: felixbriones@yahoo.com Phone: 7605836371 Time Spent: 31.8210198879
2017-04-26 01:35:49,295 INFO Name:Graves, Jeffrey Email: gary55@gmail.com Phone: 7604729157 Time Spent: 36.8670670986
2017-04-26 01:36:24,010 INFO Name:Elena, María Email: longoriafrancisco@hotmail.com Phone: 7603708092 Time Spent: 27.3249058723
2017-04-26 01:37:04,135 INFO Name:Tucker, Cassandra Email: danieljames@gmail.com Phone: 7606733009 Time Spent: 32.9115941525
2017-04-26 01:37:40,735 INFO Name:Gálvez, Enrique Email: aureliogrijalva@gmail.com Phone: 7608082387 Time Spent: 31.1506090164
2017-04-26 01:38:24,247 INFO Name:Pilar, Claudio Email: paulina83@hotmail.com Phone: 7602938630 Time Spent: 36.1804060936
2017-04-26 01:39:01,799 INFO Name:Ulibarri, Berta Email: daniela56@gmail.com Phone: 7601756061 Time Spent: 30.2559840679
2017-04-26 01:39:43,507 INFO Name:Gonzales, Bruce Email: tshelton@hotmail.com Phone: 7606338034 Time Spent: 35.6151309013
2017-04-26 01:40:25,309 INFO Name:Violeta, Alma Email: gloriabanuelos@gmail.com Phone: 7606991309 Time Spent: 34.5637059212
2017-04-26 01:41:03,849 INFO Name:Manuel, Luis Email: anelhurtado@gmail.com Phone: 7600585407 Time Spent: 32.3488190174
2017-04-26 01:41:48,006 INFO Name:Campbell, Stephanie Email: riveraaustin@yahoo.com Phone: 7606977086 Time Spent: 37.0390460491
2017-04-26 01:42:24,079 INFO Name:Eugenio, Victoria Email: frincon@yahoo.com Phone: 7600357427 Time Spent: 30.5636000633
2017-04-26 01:43:00,450 INFO Name:Amelia,  Email: maria-luisa79@yahoo.com Phone: 7604565276 Time Spent: 29.1400988102
2017-04-26 01:43:36,636 INFO Name:Ortega, Nadia Email: mayte49@yahoo.com Phone: 7604260783 Time Spent: 30.0459489822
2017-04-26 01:44:11,380 INFO Name:Mónica, Perla Email: jose-eduardo31@gmail.com Phone: 7609625719 Time Spent: 29.4720330238
2017-04-26 01:44:45,216 INFO Name:Melgar, Mateo Email: octavioalmanza@yahoo.com Phone: 7608383907 Time Spent: 28.6679780483
2017-04-26 01:45:21,792 INFO Name:Angulo, Laura Email: itzelpedraza@hotmail.com Phone: 7603291484 Time Spent: 31.5063869953
2017-04-26 01:45:54,766 INFO Name:Bustamante, Pamela Email: jmadrid@hotmail.com Phone: 7605557846 Time Spent: 27.9734709263
2017-04-26 01:46:35,878 INFO Name:Perry, Dean Email: douglas33@hotmail.com Phone: 7608494416 Time Spent: 35.7937140465
2017-04-26 01:47:16,757 INFO Name:Johns, Jorge Email: rodriguezkristen@yahoo.com Phone: 7600582973 Time Spent: 35.675896883
2017-04-26 01:47:57,973 INFO Name:Owens, Jacqueline Email: charles50@gmail.com Phone: 7600687067 Time Spent: 35.107270956
2017-04-26 01:48:35,327 INFO Name:Eduardo, José Email: escalanteivan@yahoo.com Phone: 7609735572 Time Spent: 30.1962440014
2017-04-26 01:49:12,640 INFO Name:Gracia, Alta Email: garayfrancisca@yahoo.com Phone: 7603097093 Time Spent: 31.1227629185
2017-04-26 01:49:45,427 INFO Name:Conway, Andrea Email: jameshill@gmail.com Phone: 7606671400 Time Spent: 26.5750050545
2017-04-26 01:50:24,209 INFO Name:Diana, Sofía Email: carlos90@hotmail.com Phone: 7602132682 Time Spent: 33.6766748428
2017-04-26 01:51:00,946 INFO Name:Emilio, José Email: xolvera@hotmail.com Phone: 7602697688 Time Spent: 29.6316931248
2017-04-26 01:51:42,105 INFO Name:Gabriel,  Email: leonormares@hotmail.com Phone: 7608609754 Time Spent: 33.8633129597
2017-04-26 01:52:20,978 INFO Name:Price, Marissa Email: lgarcia@gmail.com Phone: 7604741964 Time Spent: 31.6723518372
2017-04-26 23:58:45,828 INFO Name:Gollum, Soledad Email: yalfaro@yahoo.com Phone: 7609539819 Time Spent: 28.7177460194
2017-04-27 00:06:47,294 INFO Name:María, José Email: dcedillo@hotmail.com Phone: 7600816379 Time Spent: 38.5353169441
2017-04-27 00:07:28,165 INFO Name:Ocasio, Francisca Email: luzjaime@yahoo.com Phone: 7605477743 Time Spent: 35.3124470711
2017-04-27 00:07:28,165 INFO Name:Ocasio, Francisca Email: luzjaime@yahoo.com Phone: 7605477743 Time Spent: 35.3124470711
2017-04-27 00:08:09,261 INFO Name:Smith, Jaime Email: davidshaw@gmail.com Phone: 7605445614 Time Spent: 35.1808140278
2017-04-27 00:08:09,261 INFO Name:Smith, Jaime Email: davidshaw@gmail.com Phone: 7605445614 Time Spent: 35.1808140278
2017-04-27 00:08:09,261 INFO Name:Smith, Jaime Email: davidshaw@gmail.com Phone: 7605445614 Time Spent: 35.1808140278
2017-04-27 00:11:06,881 INFO Name:Preciado, Zacarías Email: rolandouribe@gmail.com Phone: 7602922705 Time Spent: 33.5995209217
2017-04-27 00:12:24,680 INFO Name:Sonia, Benito Email: rosario66@hotmail.com Phone: 7603062708 Time Spent: 30.789691925
2017-04-27 00:12:59,859 INFO Name:Sonia, Flavio Email: del-riobeatriz@yahoo.com Phone: 7604452170 Time Spent: 28.2447588444
